<S-error>
<S-msg>
     
     stdClass Object
     (
         [paths] => stdClass Object
             (
                 [error_log] => /Splint/SplintManager/Splint/logs/
                 [project_root] => /Splint/SplintManager/resources/
                 [css_root] => /Splint/SplintManager/resources/css/Output/
                 [DataBase] => stdClass Object
                     (
                         [config] => /Splint/SplintManager/resources/php
                     )
     
             )
     
         [loader] => stdClass Object
             (
                 [cachePath] => /Splint/SplintManager/Splint/splintCache/
             )
     
         [projectName] => Splint/SplintManager
         [SSL] => http
         [host] => localhost
         [host1] => 192.168.178.67
         [port] => 80
         [settings] => stdClass Object
             (
                 [cacheResources] => stdClass Object
                     (
                         [cdn] => 
                         [splint] => stdClass Object
                             (
                                 [js] => 
                                 [css] => 
                                 [fileTree] => 
                             )
     
                         [project] => stdClass Object
                             (
                                 [js] => 
                                 [css] => 
                                 [fileTree] => 
                             )
     
                     )
     
                 [debugging] => stdClass Object
                     (
                         [error] => 
                         [warn] => 
                         [log] => 
                     )
     
             )
     
         [moonraker] => stdClass Object
             (
                 [host] => 192.168.178.82
                 [SSL] => http
             )
     
     )
     
</S-msg>
<S-type>NOTICE</S-type>
<S-trace>
> C:\xampp\htdocs\Splint\php\JSBuilder\JSBuilder.php:14
> C:\xampp\htdocs\Splint\php\JSBuilder\JSBuilderAccess.php:6
</S-trace>
<S-time>2023-07-24 20:09:32</S-time></S-error>
