<S-error>
<S-msg>
     
     shmop_open(): Unable to attach or create shared memory segment &quot;No error&quot;
</S-msg>
<S-type>ERROR</S-type>
<S-trace>
> C:\xampp\htdocs\Splint\php\DataManagement\shmop\S_shmop.php:11
> C:\xampp\htdocs\Splint\php\autoloader.php:16
> C:\xampp\htdocs\Splint\php\Communication\AccessSplint.php:7
</S-trace>
<S-time>2023-06-16 23:59:37</S-time></S-error>
<S-error>
<S-msg>
     
     shmop_open(): Unable to attach or create shared memory segment &quot;No error&quot;
</S-msg>
<S-type>ERROR</S-type>
<S-trace>
> C:\xampp\htdocs\Splint\php\DataManagement\shmop\S_shmop.php:20
> C:\xampp\htdocs\Splint\php\autoloader.php:12
> C:\xampp\htdocs\Splint\php\Communication\AccessSplint.php:7
</S-trace>
<S-time>2023-06-16 23:59:39</S-time></S-error>
<S-error>
<S-msg>
     
     shmop_open(): Unable to attach or create shared memory segment &quot;No error&quot;
</S-msg>
<S-type>ERROR</S-type>
<S-trace>
> C:\xampp\htdocs\Splint\php\DataManagement\shmop\S_shmop.php:20
> C:\xampp\htdocs\Splint\loadFolderFromHTML.php:33
> C:\xampp\htdocs\Splint\loadFolderFromHTML.php:26
> C:\xampp\htdocs\Splint\loadFolderFromHTML.php:29
> C:\xampp\htdocs\Splint\loadFolderFromHTML.php:75
</S-trace>
<S-time>2023-06-17 00:00:00</S-time></S-error>
<S-error>
<S-msg>
     
     shmop_open(): Unable to attach or create shared memory segment &quot;No error&quot;
</S-msg>
<S-type>ERROR</S-type>
<S-trace>
> C:\xampp\htdocs\Splint\php\DataManagement\shmop\S_shmop.php:20
> C:\xampp\htdocs\Splint\loadFromHTML.php:55
> C:\xampp\htdocs\Splint\loadFromHTML.php:48
> C:\xampp\htdocs\Splint\loadFromHTML.php:51
> C:\xampp\htdocs\Splint\loadFromHTML.php:117
</S-trace>
<S-time>2023-06-17 00:00:00</S-time></S-error>
[17-Jun-2023 00:04:19 Europe/Berlin] PHP Fatal error:  Uncaught Error: Class "Communication" not found in C:\xampp\htdocs\Splint\php\Communication\AccessSplint.php:7
Stack trace:
#0 {main}
  thrown in C:\xampp\htdocs\Splint\php\Communication\AccessSplint.php on line 7
[17-Jun-2023 00:04:44 Europe/Berlin] PHP Fatal error:  Uncaught Error: Class "Communication" not found in C:\xampp\htdocs\Splint\php\Communication\AccessSplint.php:7
Stack trace:
#0 {main}
  thrown in C:\xampp\htdocs\Splint\php\Communication\AccessSplint.php on line 7
[17-Jun-2023 00:15:09 Europe/Berlin] PHP Fatal error:  Uncaught TypeError: pathinfo(): Argument #1 ($path) must be of type string, array given in C:\xampp\htdocs\Splint\php\Tools\File\File_DeepScan.php:11
Stack trace:
#0 C:\xampp\htdocs\Splint\php\Tools\File\File_DeepScan.php(11): pathinfo(Array)
#1 C:\xampp\htdocs\Splint\php\autoloader.php(11): File_DeepScan::test()
#2 C:\xampp\htdocs\Splint\php\Communication\AccessSplint.php(7): {closure}('Communication')
#3 {main}
  thrown in C:\xampp\htdocs\Splint\php\Tools\File\File_DeepScan.php on line 11
[17-Jun-2023 00:15:10 Europe/Berlin] PHP Fatal error:  Uncaught TypeError: pathinfo(): Argument #1 ($path) must be of type string, array given in C:\xampp\htdocs\Splint\php\Tools\File\File_DeepScan.php:11
Stack trace:
#0 C:\xampp\htdocs\Splint\php\Tools\File\File_DeepScan.php(11): pathinfo(Array)
#1 C:\xampp\htdocs\Splint\php\autoloader.php(11): File_DeepScan::test()
#2 C:\xampp\htdocs\Splint\php\Communication\AccessSplint.php(7): {closure}('Communication')
#3 {main}
  thrown in C:\xampp\htdocs\Splint\php\Tools\File\File_DeepScan.php on line 11
[17-Jun-2023 00:18:30 Europe/Berlin] PHP Fatal error:  Uncaught TypeError: array_push(): Argument #1 ($array) must be of type array, null given in C:\xampp\htdocs\Splint\php\Tools\File\File_DeepScan.php:44
Stack trace:
#0 C:\xampp\htdocs\Splint\php\Tools\File\File_DeepScan.php(44): array_push(NULL, 'C:\\xampp\\htdocs...')
#1 C:\xampp\htdocs\Splint\php\Tools\File\File_DeepScan.php(10): File_DeepScan::searchFileExtensions(Array, 'png')
#2 C:\xampp\htdocs\Splint\php\autoloader.php(11): File_DeepScan::test()
#3 C:\xampp\htdocs\Splint\php\Communication\AccessSplint.php(13): {closure}('DataStorage')
#4 {main}
  thrown in C:\xampp\htdocs\Splint\php\Tools\File\File_DeepScan.php on line 44
[17-Jun-2023 00:18:33 Europe/Berlin] PHP Fatal error:  Uncaught TypeError: array_push(): Argument #1 ($array) must be of type array, null given in C:\xampp\htdocs\Splint\php\Tools\File\File_DeepScan.php:44
Stack trace:
#0 C:\xampp\htdocs\Splint\php\Tools\File\File_DeepScan.php(44): array_push(NULL, 'C:\\xampp\\htdocs...')
#1 C:\xampp\htdocs\Splint\php\Tools\File\File_DeepScan.php(10): File_DeepScan::searchFileExtensions(Array, 'png')
#2 C:\xampp\htdocs\Splint\php\autoloader.php(11): File_DeepScan::test()
#3 C:\xampp\htdocs\Splint\php\Communication\AccessSplint.php(13): {closure}('DataStorage')
#4 {main}
  thrown in C:\xampp\htdocs\Splint\php\Tools\File\File_DeepScan.php on line 44
[17-Jun-2023 00:18:35 Europe/Berlin] PHP Fatal error:  Uncaught TypeError: array_push(): Argument #1 ($array) must be of type array, null given in C:\xampp\htdocs\Splint\php\Tools\File\File_DeepScan.php:44
Stack trace:
#0 C:\xampp\htdocs\Splint\php\Tools\File\File_DeepScan.php(44): array_push(NULL, 'C:\\xampp\\htdocs...')
#1 C:\xampp\htdocs\Splint\php\Tools\File\File_DeepScan.php(10): File_DeepScan::searchFileExtensions(Array, 'png')
#2 C:\xampp\htdocs\Splint\php\autoloader.php(11): File_DeepScan::test()
#3 C:\xampp\htdocs\Splint\php\Communication\AccessSplint.php(13): {closure}('DataStorage')
#4 {main}
  thrown in C:\xampp\htdocs\Splint\php\Tools\File\File_DeepScan.php on line 44
[17-Jun-2023 00:18:35 Europe/Berlin] PHP Fatal error:  Uncaught TypeError: array_push(): Argument #1 ($array) must be of type array, null given in C:\xampp\htdocs\Splint\php\Tools\File\File_DeepScan.php:44
Stack trace:
#0 C:\xampp\htdocs\Splint\php\Tools\File\File_DeepScan.php(44): array_push(NULL, 'C:\\xampp\\htdocs...')
#1 C:\xampp\htdocs\Splint\php\Tools\File\File_DeepScan.php(10): File_DeepScan::searchFileExtensions(Array, 'png')
#2 C:\xampp\htdocs\Splint\php\autoloader.php(11): File_DeepScan::test()
#3 C:\xampp\htdocs\Splint\php\Communication\AccessSplint.php(13): {closure}('DataStorage')
#4 {main}
  thrown in C:\xampp\htdocs\Splint\php\Tools\File\File_DeepScan.php on line 44
[17-Jun-2023 00:24:43 Europe/Berlin] PHP Fatal error:  Uncaught Error: Call to undefined method File_DeepScan::searchFileExtensions() in C:\xampp\htdocs\Splint\php\Tools\File\File_DeepScan.php:10
Stack trace:
#0 C:\xampp\htdocs\Splint\php\autoloader.php(11): File_DeepScan::test()
#1 C:\xampp\htdocs\Splint\php\Communication\AccessSplint.php(7): {closure}('Communication')
#2 {main}
  thrown in C:\xampp\htdocs\Splint\php\Tools\File\File_DeepScan.php on line 10
<S-error>
<S-msg>
     
     shmop_open(): Unable to attach or create shared memory segment &quot;No error&quot;
</S-msg>
<S-type>ERROR</S-type>
<S-trace>
> C:\xampp\htdocs\Splint\php\DataManagement\shmop\S_shmop.php:11
> C:\xampp\htdocs\Splint\php\autoloader.php:17
> C:\xampp\htdocs\Splint\php\Communication\AccessSplint.php:7
</S-trace>
<S-time>2023-06-17 00:47:12</S-time></S-error>
<S-error>
<S-msg>
     
     shmop_open(): Unable to attach or create shared memory segment &quot;No error&quot;
</S-msg>
<S-type>ERROR</S-type>
<S-trace>
> C:\xampp\htdocs\Splint\php\DataManagement\shmop\S_shmop.php:20
> C:\xampp\htdocs\Splint\php\autoloader.php:13
> C:\xampp\htdocs\Splint\php\Communication\AccessSplint.php:7
</S-trace>
<S-time>2023-06-17 00:47:14</S-time></S-error>
<S-error>
<S-msg>
     
     shmop_open(): Unable to attach or create shared memory segment &quot;No error&quot;
</S-msg>
<S-type>ERROR</S-type>
<S-trace>
> C:\xampp\htdocs\Splint\php\DataManagement\shmop\S_shmop.php:20
> C:\xampp\htdocs\Splint\loadFolderFromHTML.php:33
> C:\xampp\htdocs\Splint\loadFolderFromHTML.php:26
> C:\xampp\htdocs\Splint\loadFolderFromHTML.php:29
> C:\xampp\htdocs\Splint\loadFolderFromHTML.php:75
</S-trace>
<S-time>2023-06-17 00:47:21</S-time></S-error>
<S-error>
<S-msg>
     
     shmop_open(): Unable to attach or create shared memory segment &quot;No error&quot;
</S-msg>
<S-type>ERROR</S-type>
<S-trace>
> C:\xampp\htdocs\Splint\php\DataManagement\shmop\S_shmop.php:20
> C:\xampp\htdocs\Splint\loadFromHTML.php:55
> C:\xampp\htdocs\Splint\loadFromHTML.php:48
> C:\xampp\htdocs\Splint\loadFromHTML.php:51
> C:\xampp\htdocs\Splint\loadFromHTML.php:117
</S-trace>
<S-time>2023-06-17 00:47:21</S-time></S-error>
<S-error>
<S-msg>
     
     shmop_open(): Unable to attach or create shared memory segment &quot;No error&quot;
</S-msg>
<S-type>ERROR</S-type>
<S-trace>
> C:\xampp\htdocs\Splint\php\DataManagement\shmop\S_shmop.php:20
> C:\xampp\htdocs\Splint\php\autoloader.php:13
> C:\xampp\htdocs\Splint\php\Communication\AccessSplint.php:7
</S-trace>
<S-time>2023-06-17 02:22:37</S-time></S-error>
<S-error>
<S-msg>
     
     shmop_open(): Unable to attach or create shared memory segment &quot;No error&quot;
</S-msg>
<S-type>ERROR</S-type>
<S-trace>
> C:\xampp\htdocs\Splint\php\DataManagement\shmop\S_shmop.php:11
> C:\xampp\htdocs\Splint\php\Communication\AccessSplint.php:35
</S-trace>
<S-time>2023-06-17 02:34:18</S-time></S-error>
<S-error>
<S-msg>
     
     shmop_open(): Unable to attach or create shared memory segment &quot;No error&quot;
</S-msg>
<S-type>ERROR</S-type>
<S-trace>
> C:\xampp\htdocs\Splint\php\DataManagement\shmop\S_shmop.php:20
> C:\xampp\htdocs\Splint\php\autoloader.php:13
> C:\xampp\htdocs\Splint\php\Communication\AccessSplint.php:7
</S-trace>
<S-time>2023-06-17 02:34:21</S-time></S-error>
<S-error>
<S-msg>
     
     shmop_open(): Unable to attach or create shared memory segment &quot;No error&quot;
</S-msg>
<S-type>ERROR</S-type>
<S-trace>
> C:\xampp\htdocs\Splint\php\DataManagement\shmop\S_shmop.php:20
> C:\xampp\htdocs\Splint\loadFolderFromHTML.php:33
> C:\xampp\htdocs\Splint\loadFolderFromHTML.php:26
> C:\xampp\htdocs\Splint\loadFolderFromHTML.php:29
> C:\xampp\htdocs\Splint\loadFolderFromHTML.php:75
</S-trace>
<S-time>2023-06-17 02:34:21</S-time></S-error>
<S-error>
<S-msg>
     
     shmop_open(): Unable to attach or create shared memory segment &quot;No error&quot;
</S-msg>
<S-type>ERROR</S-type>
<S-trace>
> C:\xampp\htdocs\Splint\php\DataManagement\shmop\S_shmop.php:20
> C:\xampp\htdocs\Splint\loadFromHTML.php:55
> C:\xampp\htdocs\Splint\loadFromHTML.php:48
> C:\xampp\htdocs\Splint\loadFromHTML.php:51
> C:\xampp\htdocs\Splint\loadFromHTML.php:117
</S-trace>
<S-time>2023-06-17 02:34:21</S-time></S-error>
