	<S-error>
<S-msg>
     
     shmop_open(): Unable to attach or create shared memory segment &quot;No error&quot;
</S-msg>
<S-trace>
 at [ERROR](C:\xampp\htdocs\Splint\php\DataManagement\shmop\S_shmop.php)20
 at [ERROR](C:\xampp\htdocs\Splint\php\autoloader.php)8
 at [ERROR](C:\xampp\htdocs\Splint\php\Communication\AccessSplint.php)7
</S-trace>
<S-time>2023-06-13 01:05:03</S-time></S-error>
<S-error>
<S-msg>
     
     shmop_open(): Unable to attach or create shared memory segment &quot;No error&quot;
</S-msg>
<S-trace>
 at [ERROR](C:\xampp\htdocs\Splint\php\DataManagement\shmop\S_shmop.php)20
 at [ERROR](C:\xampp\htdocs\Splint\loadFolderFromHTML.php)34
 at [ERROR](C:\xampp\htdocs\Splint\loadFolderFromHTML.php)27
 at [ERROR](C:\xampp\htdocs\Splint\loadFolderFromHTML.php)30
 at [ERROR](C:\xampp\htdocs\Splint\loadFolderFromHTML.php)76
</S-trace>
<S-time>2023-06-13 02:01:30</S-time></S-error>
